{"/Users/andreamatodeoliveira/Desktop/carental/packages/backend/src/api/BookingController.ts": {"path":"/Users/andreamatodeoliveira/Desktop/carental/packages/backend/src/api/BookingController.ts","statementMap":{"0":{"start":{"line":5,"column":22},"end":{"line":5,"column":64}},"1":{"start":{"line":8,"column":4},"end":{"line":62,"column":5}},"2":{"start":{"line":9,"column":52},"end":{"line":9,"column":60}},"3":{"start":{"line":11,"column":6},"end":{"line":18,"column":7}},"4":{"start":{"line":12,"column":8},"end":{"line":16,"column":13}},"5":{"start":{"line":17,"column":8},"end":{"line":17,"column":15}},"6":{"start":{"line":20,"column":24},"end":{"line":25,"column":8}},"7":{"start":{"line":27,"column":6},"end":{"line":30,"column":9}},"8":{"start":{"line":32,"column":6},"end":{"line":32,"column":54}},"9":{"start":{"line":35,"column":6},"end":{"line":54,"column":7}},"10":{"start":{"line":36,"column":29},"end":{"line":36,"column":42}},"11":{"start":{"line":38,"column":8},"end":{"line":44,"column":9}},"12":{"start":{"line":42,"column":10},"end":{"line":42,"column":58}},"13":{"start":{"line":43,"column":10},"end":{"line":43,"column":17}},"14":{"start":{"line":46,"column":8},"end":{"line":53,"column":9}},"15":{"start":{"line":51,"column":10},"end":{"line":51,"column":58}},"16":{"start":{"line":52,"column":10},"end":{"line":52,"column":17}},"17":{"start":{"line":56,"column":6},"end":{"line":61,"column":9}},"18":{"start":{"line":4,"column":0},"end":{"line":4,"column":13}}},"fnMap":{"0":{"name":"(anonymous_0)","decl":{"start":{"line":5,"column":2},"end":{"line":5,"column":22}},"loc":{"start":{"line":5,"column":64},"end":{"line":5,"column":68}}},"1":{"name":"(anonymous_1)","decl":{"start":{"line":7,"column":2},"end":{"line":7,"column":7}},"loc":{"start":{"line":7,"column":49},"end":{"line":63,"column":3}}}},"branchMap":{"0":{"loc":{"start":{"line":11,"column":6},"end":{"line":18,"column":7}},"type":"if","locations":[{"start":{"line":11,"column":6},"end":{"line":18,"column":7}}]},"1":{"loc":{"start":{"line":11,"column":10},"end":{"line":11,"column":53}},"type":"binary-expr","locations":[{"start":{"line":11,"column":10},"end":{"line":11,"column":17}},{"start":{"line":11,"column":21},"end":{"line":11,"column":27}},{"start":{"line":11,"column":31},"end":{"line":11,"column":41}},{"start":{"line":11,"column":45},"end":{"line":11,"column":53}}]},"2":{"loc":{"start":{"line":35,"column":6},"end":{"line":54,"column":7}},"type":"if","locations":[{"start":{"line":35,"column":6},"end":{"line":54,"column":7}}]},"3":{"loc":{"start":{"line":38,"column":8},"end":{"line":44,"column":9}},"type":"if","locations":[{"start":{"line":38,"column":8},"end":{"line":44,"column":9}}]},"4":{"loc":{"start":{"line":39,"column":10},"end":{"line":40,"column":48}},"type":"binary-expr","locations":[{"start":{"line":39,"column":10},"end":{"line":39,"column":49}},{"start":{"line":40,"column":10},"end":{"line":40,"column":48}}]},"5":{"loc":{"start":{"line":46,"column":8},"end":{"line":53,"column":9}},"type":"if","locations":[{"start":{"line":46,"column":8},"end":{"line":53,"column":9}}]},"6":{"loc":{"start":{"line":47,"column":10},"end":{"line":49,"column":64}},"type":"binary-expr","locations":[{"start":{"line":47,"column":10},"end":{"line":47,"column":61}},{"start":{"line":48,"column":10},"end":{"line":48,"column":55}},{"start":{"line":49,"column":10},"end":{"line":49,"column":64}}]},"7":{"loc":{"start":{"line":58,"column":10},"end":{"line":60,"column":44}},"type":"cond-expr","locations":[{"start":{"line":59,"column":14},"end":{"line":59,"column":27}},{"start":{"line":60,"column":14},"end":{"line":60,"column":44}}]}},"s":{"0":1,"1":5,"2":5,"3":5,"4":1,"5":1,"6":4,"7":1,"8":3,"9":3,"10":3,"11":3,"12":1,"13":1,"14":2,"15":1,"16":1,"17":1,"18":1},"f":{"0":1,"1":5},"b":{"0":[1],"1":[5,4,4,4],"2":[3],"3":[1],"4":[3,2],"5":[1],"6":[2,2,2],"7":[1,0]}}
,"/Users/andreamatodeoliveira/Desktop/carental/packages/backend/src/api/CarController.ts": {"path":"/Users/andreamatodeoliveira/Desktop/carental/packages/backend/src/api/CarController.ts","statementMap":{"0":{"start":{"line":5,"column":22},"end":{"line":5,"column":70}},"1":{"start":{"line":8,"column":4},"end":{"line":42,"column":5}},"2":{"start":{"line":9,"column":27},"end":{"line":9,"column":36}},"3":{"start":{"line":11,"column":6},"end":{"line":16,"column":7}},"4":{"start":{"line":12,"column":8},"end":{"line":14,"column":68}},"5":{"start":{"line":15,"column":8},"end":{"line":15,"column":15}},"6":{"start":{"line":18,"column":24},"end":{"line":18,"column":48}},"7":{"start":{"line":19,"column":22},"end":{"line":19,"column":44}},"8":{"start":{"line":21,"column":6},"end":{"line":26,"column":7}},"9":{"start":{"line":22,"column":8},"end":{"line":24,"column":76}},"10":{"start":{"line":25,"column":8},"end":{"line":25,"column":15}},"11":{"start":{"line":28,"column":28},"end":{"line":30,"column":null}},"12":{"start":{"line":33,"column":6},"end":{"line":33,"column":42}},"13":{"start":{"line":35,"column":6},"end":{"line":35,"column":57}},"14":{"start":{"line":36,"column":6},"end":{"line":41,"column":9}},"15":{"start":{"line":4,"column":0},"end":{"line":4,"column":13}}},"fnMap":{"0":{"name":"(anonymous_0)","decl":{"start":{"line":5,"column":2},"end":{"line":5,"column":22}},"loc":{"start":{"line":5,"column":70},"end":{"line":5,"column":74}}},"1":{"name":"(anonymous_1)","decl":{"start":{"line":7,"column":2},"end":{"line":7,"column":7}},"loc":{"start":{"line":7,"column":52},"end":{"line":43,"column":3}}}},"branchMap":{"0":{"loc":{"start":{"line":11,"column":6},"end":{"line":16,"column":7}},"type":"if","locations":[{"start":{"line":11,"column":6},"end":{"line":16,"column":7}}]},"1":{"loc":{"start":{"line":11,"column":10},"end":{"line":11,"column":22}},"type":"binary-expr","locations":[{"start":{"line":11,"column":10},"end":{"line":11,"column":15}},{"start":{"line":11,"column":19},"end":{"line":11,"column":22}}]},"2":{"loc":{"start":{"line":21,"column":6},"end":{"line":26,"column":7}},"type":"if","locations":[{"start":{"line":21,"column":6},"end":{"line":26,"column":7}}]},"3":{"loc":{"start":{"line":21,"column":10},"end":{"line":21,"column":64}},"type":"binary-expr","locations":[{"start":{"line":21,"column":10},"end":{"line":21,"column":36}},{"start":{"line":21,"column":40},"end":{"line":21,"column":64}}]},"4":{"loc":{"start":{"line":38,"column":10},"end":{"line":40,"column":44}},"type":"cond-expr","locations":[{"start":{"line":39,"column":14},"end":{"line":39,"column":27}},{"start":{"line":40,"column":14},"end":{"line":40,"column":44}}]}},"s":{"0":1,"1":5,"2":5,"3":5,"4":2,"5":2,"6":3,"7":3,"8":3,"9":1,"10":1,"11":2,"12":1,"13":1,"14":1,"15":1},"f":{"0":1,"1":5},"b":{"0":[2],"1":[5,4],"2":[1],"3":[3,2],"4":[1,0]}}
,"/Users/andreamatodeoliveira/Desktop/carental/packages/backend/src/api/routes.ts": {"path":"/Users/andreamatodeoliveira/Desktop/carental/packages/backend/src/api/routes.ts","statementMap":{"0":{"start":{"line":5,"column":0},"end":{"line":5,"column":16}},"1":{"start":{"line":1,"column":0},"end":{"line":1,"column":33}},"2":{"start":{"line":9,"column":17},"end":{"line":9,"column":25}},"3":{"start":{"line":33,"column":2},"end":{"line":33,"column":78}},"4":{"start":{"line":33,"column":36},"end":{"line":33,"column":76}},"5":{"start":{"line":66,"column":2},"end":{"line":68,"column":4}},"6":{"start":{"line":67,"column":4},"end":{"line":67,"column":45}},"7":{"start":{"line":70,"column":2},"end":{"line":70,"column":16}}},"fnMap":{"0":{"name":"setupRoutes","decl":{"start":{"line":5,"column":16},"end":{"line":5,"column":27}},"loc":{"start":{"line":7,"column":38},"end":{"line":71,"column":1}}},"1":{"name":"(anonymous_1)","decl":{"start":{"line":33,"column":22},"end":{"line":33,"column":23}},"loc":{"start":{"line":33,"column":36},"end":{"line":33,"column":76}}},"2":{"name":"(anonymous_2)","decl":{"start":{"line":66,"column":27},"end":{"line":66,"column":28}},"loc":{"start":{"line":67,"column":4},"end":{"line":67,"column":45}}}},"branchMap":{},"s":{"0":1,"1":1,"2":3,"3":3,"4":1,"5":3,"6":1,"7":3},"f":{"0":3,"1":1,"2":1},"b":{}}
,"/Users/andreamatodeoliveira/Desktop/carental/packages/backend/src/booking-service/application/CreateBookingUseCase.ts": {"path":"/Users/andreamatodeoliveira/Desktop/carental/packages/backend/src/booking-service/application/CreateBookingUseCase.ts","statementMap":{"0":{"start":{"line":3,"column":0},"end":{"line":3,"column":58}},"1":{"start":{"line":4,"column":0},"end":{"line":4,"column":44}},"2":{"start":{"line":10,"column":12},"end":{"line":10,"column":48}},"3":{"start":{"line":11,"column":12},"end":{"line":11,"column":40}},"4":{"start":{"line":12,"column":12},"end":{"line":12,"column":42}},"5":{"start":{"line":16,"column":50},"end":{"line":16,"column":53}},"6":{"start":{"line":19,"column":22},"end":{"line":19,"column":75}},"7":{"start":{"line":22,"column":17},"end":{"line":22,"column":59}},"8":{"start":{"line":23,"column":4},"end":{"line":25,"column":5}},"9":{"start":{"line":24,"column":6},"end":{"line":24,"column":40}},"10":{"start":{"line":28,"column":16},"end":{"line":28,"column":56}},"11":{"start":{"line":29,"column":4},"end":{"line":31,"column":5}},"12":{"start":{"line":30,"column":6},"end":{"line":30,"column":39}},"13":{"start":{"line":34,"column":4},"end":{"line":36,"column":5}},"14":{"start":{"line":35,"column":6},"end":{"line":35,"column":46}},"15":{"start":{"line":40,"column":6},"end":{"line":40,"column":76}},"16":{"start":{"line":41,"column":4},"end":{"line":43,"column":5}},"17":{"start":{"line":42,"column":6},"end":{"line":42,"column":72}},"18":{"start":{"line":46,"column":4},"end":{"line":50,"column":5}},"19":{"start":{"line":47,"column":6},"end":{"line":49,"column":8}},"20":{"start":{"line":53,"column":27},"end":{"line":53,"column":68}},"21":{"start":{"line":56,"column":20},"end":{"line":61,"column":6}},"22":{"start":{"line":64,"column":4},"end":{"line":64,"column":25}},"23":{"start":{"line":67,"column":4},"end":{"line":67,"column":39}},"24":{"start":{"line":68,"column":4},"end":{"line":68,"column":47}},"25":{"start":{"line":70,"column":4},"end":{"line":70,"column":27}},"26":{"start":{"line":8,"column":0},"end":{"line":8,"column":13}}},"fnMap":{"0":{"name":"(anonymous_0)","decl":{"start":{"line":9,"column":2},"end":{"line":9,"column":null}},"loc":{"start":{"line":12,"column":42},"end":{"line":13,"column":6}}},"1":{"name":"(anonymous_1)","decl":{"start":{"line":15,"column":2},"end":{"line":15,"column":7}},"loc":{"start":{"line":15,"column":37},"end":{"line":71,"column":3}}}},"branchMap":{"0":{"loc":{"start":{"line":23,"column":4},"end":{"line":25,"column":5}},"type":"if","locations":[{"start":{"line":23,"column":4},"end":{"line":25,"column":5}}]},"1":{"loc":{"start":{"line":29,"column":4},"end":{"line":31,"column":5}},"type":"if","locations":[{"start":{"line":29,"column":4},"end":{"line":31,"column":5}}]},"2":{"loc":{"start":{"line":34,"column":4},"end":{"line":36,"column":5}},"type":"if","locations":[{"start":{"line":34,"column":4},"end":{"line":36,"column":5}}]},"3":{"loc":{"start":{"line":41,"column":4},"end":{"line":43,"column":5}},"type":"if","locations":[{"start":{"line":41,"column":4},"end":{"line":43,"column":5}}]},"4":{"loc":{"start":{"line":46,"column":4},"end":{"line":50,"column":5}},"type":"if","locations":[{"start":{"line":46,"column":4},"end":{"line":50,"column":5}}]}},"s":{"0":1,"1":1,"2":6,"3":6,"4":6,"5":6,"6":6,"7":6,"8":6,"9":1,"10":5,"11":5,"12":1,"13":4,"14":1,"15":3,"16":3,"17":1,"18":2,"19":1,"20":1,"21":1,"22":1,"23":1,"24":1,"25":1,"26":1},"f":{"0":6,"1":6},"b":{"0":[1],"1":[1],"2":[1],"3":[1],"4":[1]}}
,"/Users/andreamatodeoliveira/Desktop/carental/packages/backend/src/booking-service/domain/Booking.ts": {"path":"/Users/andreamatodeoliveira/Desktop/carental/packages/backend/src/booking-service/domain/Booking.ts","statementMap":{"0":{"start":{"line":23,"column":4},"end":{"line":23,"column":44}},"1":{"start":{"line":24,"column":4},"end":{"line":24,"column":27}},"2":{"start":{"line":25,"column":4},"end":{"line":25,"column":25}},"3":{"start":{"line":26,"column":4},"end":{"line":26,"column":37}},"4":{"start":{"line":27,"column":4},"end":{"line":27,"column":39}},"5":{"start":{"line":28,"column":4},"end":{"line":28,"column":51}},"6":{"start":{"line":30,"column":4},"end":{"line":30,"column":20}},"7":{"start":{"line":34,"column":4},"end":{"line":34,"column":54}},"8":{"start":{"line":38,"column":4},"end":{"line":38,"column":19}},"9":{"start":{"line":42,"column":4},"end":{"line":42,"column":26}},"10":{"start":{"line":47,"column":4},"end":{"line":51,"column":5}},"11":{"start":{"line":48,"column":6},"end":{"line":50,"column":8}},"12":{"start":{"line":14,"column":0},"end":{"line":14,"column":13}}},"fnMap":{"0":{"name":"(anonymous_0)","decl":{"start":{"line":22,"column":2},"end":{"line":22,"column":14}},"loc":{"start":{"line":22,"column":33},"end":{"line":31,"column":3}}},"1":{"name":"(anonymous_1)","decl":{"start":{"line":33,"column":10},"end":{"line":33,"column":20}},"loc":{"start":{"line":33,"column":20},"end":{"line":35,"column":3}}},"2":{"name":"(anonymous_2)","decl":{"start":{"line":37,"column":2},"end":{"line":37,"column":7}},"loc":{"start":{"line":37,"column":7},"end":{"line":39,"column":3}}},"3":{"name":"(anonymous_3)","decl":{"start":{"line":41,"column":2},"end":{"line":41,"column":14}},"loc":{"start":{"line":41,"column":14},"end":{"line":43,"column":3}}},"4":{"name":"(anonymous_4)","decl":{"start":{"line":45,"column":10},"end":{"line":45,"column":18}},"loc":{"start":{"line":45,"column":18},"end":{"line":52,"column":3}}}},"branchMap":{"0":{"loc":{"start":{"line":23,"column":14},"end":{"line":23,"column":43}},"type":"binary-expr","locations":[{"start":{"line":23,"column":14},"end":{"line":23,"column":22}},{"start":{"line":23,"column":26},"end":{"line":23,"column":43}}]},"1":{"loc":{"start":{"line":28,"column":21},"end":{"line":28,"column":50}},"type":"binary-expr","locations":[{"start":{"line":28,"column":21},"end":{"line":28,"column":36}},{"start":{"line":28,"column":40},"end":{"line":28,"column":50}}]},"2":{"loc":{"start":{"line":47,"column":4},"end":{"line":51,"column":5}},"type":"if","locations":[{"start":{"line":47,"column":4},"end":{"line":51,"column":5}}]}},"s":{"0":2,"1":2,"2":2,"3":2,"4":2,"5":2,"6":2,"7":2,"8":1,"9":1,"10":2,"11":1,"12":1},"f":{"0":2,"1":2,"2":1,"3":1,"4":2},"b":{"0":[2,2],"1":[2,2],"2":[1]}}
,"/Users/andreamatodeoliveira/Desktop/carental/packages/backend/src/booking-service/domain/DrivingLicense.ts": {"path":"/Users/andreamatodeoliveira/Desktop/carental/packages/backend/src/booking-service/domain/DrivingLicense.ts","statementMap":{"0":{"start":{"line":4,"column":23},"end":{"line":4,"column":44}},"1":{"start":{"line":4,"column":55},"end":{"line":4,"column":71}},"2":{"start":{"line":7,"column":4},"end":{"line":7,"column":36}},"3":{"start":{"line":12,"column":4},"end":{"line":12,"column":47}},"4":{"start":{"line":3,"column":0},"end":{"line":3,"column":13}}},"fnMap":{"0":{"name":"(anonymous_0)","decl":{"start":{"line":4,"column":2},"end":{"line":4,"column":23}},"loc":{"start":{"line":4,"column":71},"end":{"line":4,"column":75}}},"1":{"name":"(anonymous_1)","decl":{"start":{"line":6,"column":2},"end":{"line":6,"column":9}},"loc":{"start":{"line":6,"column":35},"end":{"line":8,"column":3}}},"2":{"name":"(anonymous_2)","decl":{"start":{"line":10,"column":2},"end":{"line":10,"column":12}},"loc":{"start":{"line":10,"column":33},"end":{"line":13,"column":3}}}},"branchMap":{"0":{"loc":{"start":{"line":6,"column":10},"end":{"line":6,"column":35}},"type":"default-arg","locations":[{"start":{"line":6,"column":25},"end":{"line":6,"column":35}}]}},"s":{"0":9,"1":9,"2":0,"3":2,"4":2},"f":{"0":9,"1":0,"2":2},"b":{"0":[0]}}
,"/Users/andreamatodeoliveira/Desktop/carental/packages/backend/src/booking-service/domain/User.ts": {"path":"/Users/andreamatodeoliveira/Desktop/carental/packages/backend/src/booking-service/domain/User.ts","statementMap":{"0":{"start":{"line":18,"column":4},"end":{"line":18,"column":44}},"1":{"start":{"line":19,"column":4},"end":{"line":19,"column":27}},"2":{"start":{"line":20,"column":4},"end":{"line":20,"column":29}},"3":{"start":{"line":21,"column":4},"end":{"line":21,"column":47}},"4":{"start":{"line":25,"column":4},"end":{"line":25,"column":54}},"5":{"start":{"line":29,"column":4},"end":{"line":29,"column":19}},"6":{"start":{"line":34,"column":4},"end":{"line":34,"column":53}},"7":{"start":{"line":11,"column":0},"end":{"line":11,"column":13}}},"fnMap":{"0":{"name":"(anonymous_0)","decl":{"start":{"line":17,"column":2},"end":{"line":17,"column":14}},"loc":{"start":{"line":17,"column":30},"end":{"line":22,"column":3}}},"1":{"name":"(anonymous_1)","decl":{"start":{"line":24,"column":10},"end":{"line":24,"column":20}},"loc":{"start":{"line":24,"column":20},"end":{"line":26,"column":3}}},"2":{"name":"(anonymous_2)","decl":{"start":{"line":28,"column":2},"end":{"line":28,"column":7}},"loc":{"start":{"line":28,"column":7},"end":{"line":30,"column":3}}},"3":{"name":"(anonymous_3)","decl":{"start":{"line":33,"column":2},"end":{"line":33,"column":13}},"loc":{"start":{"line":33,"column":34},"end":{"line":35,"column":3}}}},"branchMap":{"0":{"loc":{"start":{"line":18,"column":14},"end":{"line":18,"column":43}},"type":"binary-expr","locations":[{"start":{"line":18,"column":14},"end":{"line":18,"column":22}},{"start":{"line":18,"column":26},"end":{"line":18,"column":43}}]}},"s":{"0":9,"1":9,"2":9,"3":9,"4":3,"5":0,"6":2,"7":2},"f":{"0":9,"1":3,"2":0,"3":2},"b":{"0":[9,3]}}
,"/Users/andreamatodeoliveira/Desktop/carental/packages/backend/src/booking-service/infrastructure/InMemoryBookingRepository.ts": {"path":"/Users/andreamatodeoliveira/Desktop/carental/packages/backend/src/booking-service/infrastructure/InMemoryBookingRepository.ts","statementMap":{"0":{"start":{"line":6,"column":10},"end":{"line":6,"column":53}},"1":{"start":{"line":9,"column":20},"end":{"line":9,"column":41}},"2":{"start":{"line":10,"column":4},"end":{"line":10,"column":27}},"3":{"start":{"line":17,"column":4},"end":{"line":21,"column":7}},"4":{"start":{"line":18,"column":6},"end":{"line":20,"column":8}},"5":{"start":{"line":28,"column":4},"end":{"line":32,"column":7}},"6":{"start":{"line":29,"column":6},"end":{"line":31,"column":8}},"7":{"start":{"line":36,"column":4},"end":{"line":36,"column":48}},"8":{"start":{"line":41,"column":4},"end":{"line":41,"column":26}},"9":{"start":{"line":46,"column":4},"end":{"line":46,"column":46}},"10":{"start":{"line":5,"column":0},"end":{"line":5,"column":13}}},"fnMap":{"0":{"name":"(anonymous_0)","decl":{"start":{"line":5,"column":0},"end":{"line":5,"column":13}},"loc":{"start":{"line":5,"column":0},"end":{"line":48,"column":1}}},"1":{"name":"(anonymous_1)","decl":{"start":{"line":8,"column":2},"end":{"line":8,"column":7}},"loc":{"start":{"line":8,"column":27},"end":{"line":11,"column":3}}},"2":{"name":"(anonymous_2)","decl":{"start":{"line":13,"column":2},"end":{"line":13,"column":7}},"loc":{"start":{"line":15,"column":24},"end":{"line":22,"column":3}}},"3":{"name":"(anonymous_3)","decl":{"start":{"line":17,"column":53},"end":{"line":17,"column":54}},"loc":{"start":{"line":17,"column":65},"end":{"line":21,"column":5}}},"4":{"name":"(anonymous_4)","decl":{"start":{"line":24,"column":2},"end":{"line":24,"column":7}},"loc":{"start":{"line":26,"column":24},"end":{"line":33,"column":3}}},"5":{"name":"(anonymous_5)","decl":{"start":{"line":28,"column":53},"end":{"line":28,"column":54}},"loc":{"start":{"line":28,"column":65},"end":{"line":32,"column":5}}},"6":{"name":"(anonymous_6)","decl":{"start":{"line":35,"column":2},"end":{"line":35,"column":7}},"loc":{"start":{"line":35,"column":29},"end":{"line":37,"column":3}}},"7":{"name":"(anonymous_7)","decl":{"start":{"line":40,"column":2},"end":{"line":40,"column":7}},"loc":{"start":{"line":40,"column":13},"end":{"line":42,"column":3}}},"8":{"name":"(anonymous_8)","decl":{"start":{"line":45,"column":2},"end":{"line":45,"column":7}},"loc":{"start":{"line":45,"column":15},"end":{"line":47,"column":3}}}},"branchMap":{"0":{"loc":{"start":{"line":10,"column":11},"end":{"line":10,"column":26}},"type":"binary-expr","locations":[{"start":{"line":10,"column":11},"end":{"line":10,"column":18}},{"start":{"line":10,"column":22},"end":{"line":10,"column":26}}]},"1":{"loc":{"start":{"line":19,"column":8},"end":{"line":19,"column":80}},"type":"binary-expr","locations":[{"start":{"line":19,"column":8},"end":{"line":19,"column":39}},{"start":{"line":19,"column":43},"end":{"line":19,"column":80}}]},"2":{"loc":{"start":{"line":30,"column":8},"end":{"line":30,"column":78}},"type":"binary-expr","locations":[{"start":{"line":30,"column":8},"end":{"line":30,"column":37}},{"start":{"line":30,"column":41},"end":{"line":30,"column":78}}]}},"s":{"0":3,"1":0,"2":0,"3":0,"4":0,"5":0,"6":0,"7":0,"8":0,"9":0,"10":1},"f":{"0":3,"1":0,"2":0,"3":0,"4":0,"5":0,"6":0,"7":0,"8":0},"b":{"0":[0,0],"1":[0,0],"2":[0,0]}}
,"/Users/andreamatodeoliveira/Desktop/carental/packages/backend/src/booking-service/infrastructure/InMemoryUserRepository.ts": {"path":"/Users/andreamatodeoliveira/Desktop/carental/packages/backend/src/booking-service/infrastructure/InMemoryUserRepository.ts","statementMap":{"0":{"start":{"line":5,"column":10},"end":{"line":5,"column":47}},"1":{"start":{"line":8,"column":17},"end":{"line":8,"column":35}},"2":{"start":{"line":9,"column":4},"end":{"line":9,"column":24}},"3":{"start":{"line":13,"column":4},"end":{"line":13,"column":39}},"4":{"start":{"line":18,"column":4},"end":{"line":18,"column":23}},"5":{"start":{"line":4,"column":0},"end":{"line":4,"column":13}}},"fnMap":{"0":{"name":"(anonymous_0)","decl":{"start":{"line":4,"column":0},"end":{"line":4,"column":13}},"loc":{"start":{"line":4,"column":0},"end":{"line":20,"column":1}}},"1":{"name":"(anonymous_1)","decl":{"start":{"line":7,"column":2},"end":{"line":7,"column":7}},"loc":{"start":{"line":7,"column":27},"end":{"line":10,"column":3}}},"2":{"name":"(anonymous_2)","decl":{"start":{"line":12,"column":2},"end":{"line":12,"column":7}},"loc":{"start":{"line":12,"column":23},"end":{"line":14,"column":3}}},"3":{"name":"(anonymous_3)","decl":{"start":{"line":17,"column":2},"end":{"line":17,"column":7}},"loc":{"start":{"line":17,"column":13},"end":{"line":19,"column":3}}}},"branchMap":{"0":{"loc":{"start":{"line":9,"column":11},"end":{"line":9,"column":23}},"type":"binary-expr","locations":[{"start":{"line":9,"column":11},"end":{"line":9,"column":15}},{"start":{"line":9,"column":19},"end":{"line":9,"column":23}}]}},"s":{"0":0,"1":0,"2":0,"3":0,"4":0,"5":0},"f":{"0":0,"1":0,"2":0,"3":0},"b":{"0":[0,0]}}
,"/Users/andreamatodeoliveira/Desktop/carental/packages/backend/src/booking-service/infrastructure/MongoBookingRepository.ts": {"path":"/Users/andreamatodeoliveira/Desktop/carental/packages/backend/src/booking-service/infrastructure/MongoBookingRepository.ts","statementMap":{"0":{"start":{"line":1,"column":0},"end":{"line":1,"column":51}},"1":{"start":{"line":2,"column":0},"end":{"line":2,"column":51}},"2":{"start":{"line":3,"column":0},"end":{"line":3,"column":58}},"3":{"start":{"line":4,"column":0},"end":{"line":4,"column":44}},"4":{"start":{"line":6,"column":0},"end":{"line":6,"column":58}},"5":{"start":{"line":7,"column":0},"end":{"line":7,"column":38}},"6":{"start":{"line":13,"column":4},"end":{"line":13,"column":48}},"7":{"start":{"line":17,"column":4},"end":{"line":32,"column":5}},"8":{"start":{"line":18,"column":23},"end":{"line":18,"column":39}},"9":{"start":{"line":19,"column":26},"end":{"line":19,"column":74}},"10":{"start":{"line":21,"column":6},"end":{"line":23,"column":7}},"11":{"start":{"line":22,"column":8},"end":{"line":22,"column":20}},"12":{"start":{"line":25,"column":6},"end":{"line":25,"column":43}},"13":{"start":{"line":28,"column":6},"end":{"line":30,"column":7}},"14":{"start":{"line":29,"column":8},"end":{"line":29,"column":20}},"15":{"start":{"line":31,"column":6},"end":{"line":31,"column":18}},"16":{"start":{"line":39,"column":4},"end":{"line":79,"column":5}},"17":{"start":{"line":40,"column":27},"end":{"line":40,"column":47}},"18":{"start":{"line":43,"column":27},"end":{"line":70,"column":18}},"19":{"start":{"line":72,"column":6},"end":{"line":72,"column":78}},"20":{"start":{"line":72,"column":47},"end":{"line":72,"column":76}},"21":{"start":{"line":75,"column":6},"end":{"line":77,"column":7}},"22":{"start":{"line":76,"column":8},"end":{"line":76,"column":18}},"23":{"start":{"line":78,"column":6},"end":{"line":78,"column":18}},"24":{"start":{"line":86,"column":4},"end":{"line":126,"column":5}},"25":{"start":{"line":87,"column":26},"end":{"line":87,"column":45}},"26":{"start":{"line":90,"column":27},"end":{"line":117,"column":18}},"27":{"start":{"line":119,"column":6},"end":{"line":119,"column":78}},"28":{"start":{"line":119,"column":47},"end":{"line":119,"column":76}},"29":{"start":{"line":122,"column":6},"end":{"line":124,"column":7}},"30":{"start":{"line":123,"column":8},"end":{"line":123,"column":18}},"31":{"start":{"line":125,"column":6},"end":{"line":125,"column":18}},"32":{"start":{"line":130,"column":4},"end":{"line":203,"column":5}},"33":{"start":{"line":131,"column":24},"end":{"line":131,"column":39}},"34":{"start":{"line":132,"column":23},"end":{"line":132,"column":46}},"35":{"start":{"line":135,"column":27},"end":{"line":135,"column":61}},"36":{"start":{"line":136,"column":26},"end":{"line":136,"column":59}},"37":{"start":{"line":138,"column":6},"end":{"line":169,"column":8}},"38":{"start":{"line":172,"column":6},"end":{"line":202,"column":7}},"39":{"start":{"line":173,"column":8},"end":{"line":199,"column":11}},"40":{"start":{"line":201,"column":8},"end":{"line":201,"column":20}},"41":{"start":{"line":207,"column":27},"end":{"line":209,"column":null}},"42":{"start":{"line":212,"column":17},"end":{"line":217,"column":6}},"43":{"start":{"line":219,"column":16},"end":{"line":227,"column":6}},"44":{"start":{"line":229,"column":22},"end":{"line":231,"column":null}},"45":{"start":{"line":234,"column":4},"end":{"line":241,"column":7}},"46":{"start":{"line":9,"column":0},"end":{"line":9,"column":13}}},"fnMap":{"0":{"name":"(anonymous_0)","decl":{"start":{"line":12,"column":2},"end":{"line":12,"column":14}},"loc":{"start":{"line":12,"column":20},"end":{"line":14,"column":3}}},"1":{"name":"(anonymous_1)","decl":{"start":{"line":16,"column":2},"end":{"line":16,"column":7}},"loc":{"start":{"line":16,"column":27},"end":{"line":33,"column":3}}},"2":{"name":"(anonymous_2)","decl":{"start":{"line":35,"column":2},"end":{"line":35,"column":7}},"loc":{"start":{"line":37,"column":24},"end":{"line":80,"column":3}}},"3":{"name":"(anonymous_3)","decl":{"start":{"line":72,"column":30},"end":{"line":72,"column":31}},"loc":{"start":{"line":72,"column":47},"end":{"line":72,"column":76}}},"4":{"name":"(anonymous_4)","decl":{"start":{"line":82,"column":2},"end":{"line":82,"column":7}},"loc":{"start":{"line":84,"column":24},"end":{"line":127,"column":3}}},"5":{"name":"(anonymous_5)","decl":{"start":{"line":119,"column":30},"end":{"line":119,"column":31}},"loc":{"start":{"line":119,"column":47},"end":{"line":119,"column":76}}},"6":{"name":"(anonymous_6)","decl":{"start":{"line":129,"column":2},"end":{"line":129,"column":7}},"loc":{"start":{"line":129,"column":29},"end":{"line":204,"column":3}}},"7":{"name":"(anonymous_7)","decl":{"start":{"line":206,"column":10},"end":{"line":206,"column":21}},"loc":{"start":{"line":206,"column":38},"end":{"line":242,"column":3}}}},"branchMap":{"0":{"loc":{"start":{"line":21,"column":6},"end":{"line":23,"column":7}},"type":"if","locations":[{"start":{"line":21,"column":6},"end":{"line":23,"column":7}}]},"1":{"loc":{"start":{"line":28,"column":6},"end":{"line":30,"column":7}},"type":"if","locations":[{"start":{"line":28,"column":6},"end":{"line":30,"column":7}}]},"2":{"loc":{"start":{"line":28,"column":10},"end":{"line":28,"column":70}},"type":"binary-expr","locations":[{"start":{"line":28,"column":10},"end":{"line":28,"column":32}},{"start":{"line":28,"column":36},"end":{"line":28,"column":70}}]},"3":{"loc":{"start":{"line":75,"column":6},"end":{"line":77,"column":7}},"type":"if","locations":[{"start":{"line":75,"column":6},"end":{"line":77,"column":7}}]},"4":{"loc":{"start":{"line":75,"column":10},"end":{"line":75,"column":70}},"type":"binary-expr","locations":[{"start":{"line":75,"column":10},"end":{"line":75,"column":32}},{"start":{"line":75,"column":36},"end":{"line":75,"column":70}}]},"5":{"loc":{"start":{"line":122,"column":6},"end":{"line":124,"column":7}},"type":"if","locations":[{"start":{"line":122,"column":6},"end":{"line":124,"column":7}}]},"6":{"loc":{"start":{"line":122,"column":10},"end":{"line":122,"column":70}},"type":"binary-expr","locations":[{"start":{"line":122,"column":10},"end":{"line":122,"column":32}},{"start":{"line":122,"column":36},"end":{"line":122,"column":70}}]},"7":{"loc":{"start":{"line":172,"column":6},"end":{"line":202,"column":7}},"type":"if","locations":[{"start":{"line":172,"column":6},"end":{"line":202,"column":7}},{"start":{"line":200,"column":13},"end":{"line":202,"column":7}}]},"8":{"loc":{"start":{"line":172,"column":10},"end":{"line":172,"column":70}},"type":"binary-expr","locations":[{"start":{"line":172,"column":10},"end":{"line":172,"column":32}},{"start":{"line":172,"column":36},"end":{"line":172,"column":70}}]}},"s":{"0":0,"1":0,"2":0,"3":0,"4":0,"5":0,"6":0,"7":0,"8":0,"9":0,"10":0,"11":0,"12":0,"13":0,"14":0,"15":0,"16":0,"17":0,"18":0,"19":0,"20":0,"21":0,"22":0,"23":0,"24":0,"25":0,"26":0,"27":0,"28":0,"29":0,"30":0,"31":0,"32":0,"33":0,"34":0,"35":0,"36":0,"37":0,"38":0,"39":0,"40":0,"41":0,"42":0,"43":0,"44":0,"45":0,"46":0},"f":{"0":0,"1":0,"2":0,"3":0,"4":0,"5":0,"6":0,"7":0},"b":{"0":[0],"1":[0],"2":[0,0],"3":[0],"4":[0,0],"5":[0],"6":[0,0],"7":[0,0],"8":[0,0]}}
,"/Users/andreamatodeoliveira/Desktop/carental/packages/backend/src/booking-service/infrastructure/MongoUserRepository.ts": {"path":"/Users/andreamatodeoliveira/Desktop/carental/packages/backend/src/booking-service/infrastructure/MongoUserRepository.ts","statementMap":{"0":{"start":{"line":1,"column":0},"end":{"line":1,"column":51}},"1":{"start":{"line":2,"column":0},"end":{"line":2,"column":58}},"2":{"start":{"line":3,"column":0},"end":{"line":3,"column":38}},"3":{"start":{"line":10,"column":4},"end":{"line":10,"column":45}},"4":{"start":{"line":14,"column":4},"end":{"line":29,"column":5}},"5":{"start":{"line":15,"column":23},"end":{"line":15,"column":39}},"6":{"start":{"line":16,"column":23},"end":{"line":16,"column":71}},"7":{"start":{"line":18,"column":6},"end":{"line":20,"column":7}},"8":{"start":{"line":19,"column":8},"end":{"line":19,"column":20}},"9":{"start":{"line":22,"column":6},"end":{"line":22,"column":40}},"10":{"start":{"line":25,"column":6},"end":{"line":27,"column":7}},"11":{"start":{"line":26,"column":8},"end":{"line":26,"column":20}},"12":{"start":{"line":28,"column":6},"end":{"line":28,"column":18}},"13":{"start":{"line":33,"column":4},"end":{"line":65,"column":5}},"14":{"start":{"line":34,"column":23},"end":{"line":34,"column":49}},"15":{"start":{"line":36,"column":6},"end":{"line":49,"column":8}},"16":{"start":{"line":52,"column":6},"end":{"line":64,"column":7}},"17":{"start":{"line":53,"column":8},"end":{"line":61,"column":11}},"18":{"start":{"line":63,"column":8},"end":{"line":63,"column":20}},"19":{"start":{"line":69,"column":27},"end":{"line":71,"column":null}},"20":{"start":{"line":74,"column":4},"end":{"line":79,"column":7}},"21":{"start":{"line":6,"column":0},"end":{"line":6,"column":13}}},"fnMap":{"0":{"name":"(anonymous_0)","decl":{"start":{"line":9,"column":2},"end":{"line":9,"column":14}},"loc":{"start":{"line":9,"column":20},"end":{"line":11,"column":3}}},"1":{"name":"(anonymous_1)","decl":{"start":{"line":13,"column":2},"end":{"line":13,"column":7}},"loc":{"start":{"line":13,"column":27},"end":{"line":30,"column":3}}},"2":{"name":"(anonymous_2)","decl":{"start":{"line":32,"column":2},"end":{"line":32,"column":7}},"loc":{"start":{"line":32,"column":23},"end":{"line":66,"column":3}}},"3":{"name":"(anonymous_3)","decl":{"start":{"line":68,"column":10},"end":{"line":68,"column":21}},"loc":{"start":{"line":68,"column":35},"end":{"line":80,"column":3}}}},"branchMap":{"0":{"loc":{"start":{"line":18,"column":6},"end":{"line":20,"column":7}},"type":"if","locations":[{"start":{"line":18,"column":6},"end":{"line":20,"column":7}}]},"1":{"loc":{"start":{"line":25,"column":6},"end":{"line":27,"column":7}},"type":"if","locations":[{"start":{"line":25,"column":6},"end":{"line":27,"column":7}}]},"2":{"loc":{"start":{"line":25,"column":10},"end":{"line":25,"column":70}},"type":"binary-expr","locations":[{"start":{"line":25,"column":10},"end":{"line":25,"column":32}},{"start":{"line":25,"column":36},"end":{"line":25,"column":70}}]},"3":{"loc":{"start":{"line":52,"column":6},"end":{"line":64,"column":7}},"type":"if","locations":[{"start":{"line":52,"column":6},"end":{"line":64,"column":7}},{"start":{"line":62,"column":13},"end":{"line":64,"column":7}}]},"4":{"loc":{"start":{"line":52,"column":10},"end":{"line":52,"column":70}},"type":"binary-expr","locations":[{"start":{"line":52,"column":10},"end":{"line":52,"column":32}},{"start":{"line":52,"column":36},"end":{"line":52,"column":70}}]}},"s":{"0":0,"1":0,"2":0,"3":0,"4":0,"5":0,"6":0,"7":0,"8":0,"9":0,"10":0,"11":0,"12":0,"13":0,"14":0,"15":0,"16":0,"17":0,"18":0,"19":0,"20":0,"21":0},"f":{"0":0,"1":0,"2":0,"3":0},"b":{"0":[0],"1":[0],"2":[0,0],"3":[0,0],"4":[0,0]}}
,"/Users/andreamatodeoliveira/Desktop/carental/packages/backend/src/car-service/application/GetAvailableCarsUseCase.ts": {"path":"/Users/andreamatodeoliveira/Desktop/carental/packages/backend/src/car-service/application/GetAvailableCarsUseCase.ts","statementMap":{"0":{"start":{"line":3,"column":0},"end":{"line":3,"column":58}},"1":{"start":{"line":9,"column":12},"end":{"line":9,"column":40}},"2":{"start":{"line":10,"column":12},"end":{"line":10,"column":48}},"3":{"start":{"line":14,"column":22},"end":{"line":14,"column":55}},"4":{"start":{"line":17,"column":26},"end":{"line":17,"column":79}},"5":{"start":{"line":20,"column":4},"end":{"line":31,"column":7}},"6":{"start":{"line":22,"column":8},"end":{"line":22,"column":49}},"7":{"start":{"line":24,"column":6},"end":{"line":30,"column":8}},"8":{"start":{"line":7,"column":0},"end":{"line":7,"column":13}}},"fnMap":{"0":{"name":"(anonymous_0)","decl":{"start":{"line":8,"column":2},"end":{"line":8,"column":null}},"loc":{"start":{"line":10,"column":48},"end":{"line":11,"column":6}}},"1":{"name":"(anonymous_1)","decl":{"start":{"line":13,"column":2},"end":{"line":13,"column":7}},"loc":{"start":{"line":13,"column":46},"end":{"line":32,"column":3}}},"2":{"name":"(anonymous_2)","decl":{"start":{"line":20,"column":29},"end":{"line":20,"column":30}},"loc":{"start":{"line":20,"column":37},"end":{"line":31,"column":5}}}},"branchMap":{},"s":{"0":1,"1":3,"2":3,"3":3,"4":3,"5":3,"6":3,"7":3,"8":1},"f":{"0":3,"1":3,"2":3},"b":{}}
,"/Users/andreamatodeoliveira/Desktop/carental/packages/backend/src/car-service/domain/Car.ts": {"path":"/Users/andreamatodeoliveira/Desktop/carental/packages/backend/src/car-service/domain/Car.ts","statementMap":{"0":{"start":{"line":2,"column":0},"end":{"line":2,"column":70}},"1":{"start":{"line":24,"column":4},"end":{"line":24,"column":44}},"2":{"start":{"line":25,"column":4},"end":{"line":25,"column":29}},"3":{"start":{"line":26,"column":4},"end":{"line":26,"column":29}},"4":{"start":{"line":27,"column":4},"end":{"line":27,"column":29}},"5":{"start":{"line":28,"column":4},"end":{"line":28,"column":49}},"6":{"start":{"line":29,"column":4},"end":{"line":29,"column":47}},"7":{"start":{"line":30,"column":4},"end":{"line":30,"column":47}},"8":{"start":{"line":34,"column":4},"end":{"line":34,"column":54}},"9":{"start":{"line":38,"column":4},"end":{"line":38,"column":19}},"10":{"start":{"line":42,"column":4},"end":{"line":42,"column":22}},"11":{"start":{"line":46,"column":4},"end":{"line":48,"column":5}},"12":{"start":{"line":47,"column":6},"end":{"line":47,"column":59}},"13":{"start":{"line":49,"column":4},"end":{"line":49,"column":17}},"14":{"start":{"line":53,"column":4},"end":{"line":53,"column":17}},"15":{"start":{"line":60,"column":35},"end":{"line":60,"column":44}},"16":{"start":{"line":61,"column":21},"end":{"line":61,"column":22}},"17":{"start":{"line":62,"column":22},"end":{"line":62,"column":41}},"18":{"start":{"line":63,"column":19},"end":{"line":63,"column":20}},"19":{"start":{"line":65,"column":4},"end":{"line":75,"column":5}},"20":{"start":{"line":66,"column":21},"end":{"line":66,"column":60}},"21":{"start":{"line":67,"column":25},"end":{"line":67,"column":55}},"22":{"start":{"line":68,"column":6},"end":{"line":68,"column":31}},"23":{"start":{"line":69,"column":6},"end":{"line":69,"column":17}},"24":{"start":{"line":72,"column":23},"end":{"line":72,"column":44}},"25":{"start":{"line":73,"column":6},"end":{"line":73,"column":50}},"26":{"start":{"line":74,"column":6},"end":{"line":74,"column":29}},"27":{"start":{"line":77,"column":30},"end":{"line":77,"column":51}},"28":{"start":{"line":79,"column":4},"end":{"line":82,"column":6}},"29":{"start":{"line":86,"column":4},"end":{"line":95,"column":5}},"30":{"start":{"line":88,"column":8},"end":{"line":88,"column":36}},"31":{"start":{"line":90,"column":8},"end":{"line":90,"column":35}},"32":{"start":{"line":92,"column":8},"end":{"line":92,"column":35}},"33":{"start":{"line":94,"column":8},"end":{"line":94,"column":42}},"34":{"start":{"line":99,"column":4},"end":{"line":99,"column":26}},"35":{"start":{"line":14,"column":0},"end":{"line":14,"column":13}}},"fnMap":{"0":{"name":"(anonymous_0)","decl":{"start":{"line":23,"column":2},"end":{"line":23,"column":14}},"loc":{"start":{"line":23,"column":29},"end":{"line":31,"column":3}}},"1":{"name":"(anonymous_1)","decl":{"start":{"line":33,"column":10},"end":{"line":33,"column":20}},"loc":{"start":{"line":33,"column":20},"end":{"line":35,"column":3}}},"2":{"name":"(anonymous_2)","decl":{"start":{"line":37,"column":2},"end":{"line":37,"column":7}},"loc":{"start":{"line":37,"column":7},"end":{"line":39,"column":3}}},"3":{"name":"(anonymous_3)","decl":{"start":{"line":41,"column":2},"end":{"line":41,"column":10}},"loc":{"start":{"line":41,"column":10},"end":{"line":43,"column":3}}},"4":{"name":"(anonymous_4)","decl":{"start":{"line":45,"column":2},"end":{"line":45,"column":16}},"loc":{"start":{"line":45,"column":16},"end":{"line":50,"column":3}}},"5":{"name":"(anonymous_5)","decl":{"start":{"line":52,"column":2},"end":{"line":52,"column":16}},"loc":{"start":{"line":52,"column":16},"end":{"line":54,"column":3}}},"6":{"name":"(anonymous_6)","decl":{"start":{"line":56,"column":2},"end":{"line":56,"column":28}},"loc":{"start":{"line":56,"column":49},"end":{"line":83,"column":3}}},"7":{"name":"(anonymous_7)","decl":{"start":{"line":85,"column":10},"end":{"line":85,"column":27}},"loc":{"start":{"line":85,"column":42},"end":{"line":96,"column":3}}},"8":{"name":"(anonymous_8)","decl":{"start":{"line":98,"column":2},"end":{"line":98,"column":13}},"loc":{"start":{"line":98,"column":13},"end":{"line":100,"column":3}}}},"branchMap":{"0":{"loc":{"start":{"line":24,"column":14},"end":{"line":24,"column":43}},"type":"binary-expr","locations":[{"start":{"line":24,"column":14},"end":{"line":24,"column":22}},{"start":{"line":24,"column":26},"end":{"line":24,"column":43}}]},"1":{"loc":{"start":{"line":46,"column":4},"end":{"line":48,"column":5}},"type":"if","locations":[{"start":{"line":46,"column":4},"end":{"line":48,"column":5}}]},"2":{"loc":{"start":{"line":86,"column":4},"end":{"line":95,"column":5}},"type":"switch","locations":[{"start":{"line":87,"column":6},"end":{"line":88,"column":36}},{"start":{"line":89,"column":6},"end":{"line":90,"column":35}},{"start":{"line":91,"column":6},"end":{"line":92,"column":35}},{"start":{"line":93,"column":6},"end":{"line":94,"column":42}}]}},"s":{"0":4,"1":22,"2":22,"3":22,"4":22,"5":22,"6":22,"7":22,"8":16,"9":10,"10":3,"11":2,"12":1,"13":1,"14":1,"15":5,"16":5,"17":5,"18":5,"19":5,"20":21,"21":21,"22":21,"23":21,"24":21,"25":21,"26":21,"27":5,"28":5,"29":21,"30":15,"31":3,"32":3,"33":0,"34":8,"35":4},"f":{"0":22,"1":16,"2":10,"3":3,"4":2,"5":1,"6":5,"7":21,"8":8},"b":{"0":[22,16],"1":[1],"2":[15,3,3,0]}}
,"/Users/andreamatodeoliveira/Desktop/carental/packages/backend/src/car-service/infrastructure/InMemoryCarRepository.ts": {"path":"/Users/andreamatodeoliveira/Desktop/carental/packages/backend/src/car-service/infrastructure/InMemoryCarRepository.ts","statementMap":{"0":{"start":{"line":6,"column":10},"end":{"line":6,"column":45}},"1":{"start":{"line":9,"column":16},"end":{"line":9,"column":33}},"2":{"start":{"line":10,"column":4},"end":{"line":10,"column":23}},"3":{"start":{"line":14,"column":4},"end":{"line":14,"column":42}},"4":{"start":{"line":18,"column":4},"end":{"line":18,"column":77}},"5":{"start":{"line":18,"column":58},"end":{"line":18,"column":75}},"6":{"start":{"line":22,"column":4},"end":{"line":22,"column":36}},"7":{"start":{"line":27,"column":4},"end":{"line":27,"column":22}},"8":{"start":{"line":5,"column":0},"end":{"line":5,"column":13}}},"fnMap":{"0":{"name":"(anonymous_0)","decl":{"start":{"line":5,"column":0},"end":{"line":5,"column":13}},"loc":{"start":{"line":5,"column":0},"end":{"line":29,"column":1}}},"1":{"name":"(anonymous_1)","decl":{"start":{"line":8,"column":2},"end":{"line":8,"column":7}},"loc":{"start":{"line":8,"column":27},"end":{"line":11,"column":3}}},"2":{"name":"(anonymous_2)","decl":{"start":{"line":13,"column":2},"end":{"line":13,"column":7}},"loc":{"start":{"line":13,"column":15},"end":{"line":15,"column":3}}},"3":{"name":"(anonymous_3)","decl":{"start":{"line":17,"column":2},"end":{"line":17,"column":7}},"loc":{"start":{"line":17,"column":46},"end":{"line":19,"column":3}}},"4":{"name":"(anonymous_4)","decl":{"start":{"line":18,"column":49},"end":{"line":18,"column":50}},"loc":{"start":{"line":18,"column":58},"end":{"line":18,"column":75}}},"5":{"name":"(anonymous_5)","decl":{"start":{"line":21,"column":2},"end":{"line":21,"column":7}},"loc":{"start":{"line":21,"column":21},"end":{"line":23,"column":3}}},"6":{"name":"(anonymous_6)","decl":{"start":{"line":26,"column":2},"end":{"line":26,"column":7}},"loc":{"start":{"line":26,"column":13},"end":{"line":28,"column":3}}}},"branchMap":{"0":{"loc":{"start":{"line":10,"column":11},"end":{"line":10,"column":22}},"type":"binary-expr","locations":[{"start":{"line":10,"column":11},"end":{"line":10,"column":14}},{"start":{"line":10,"column":18},"end":{"line":10,"column":22}}]}},"s":{"0":3,"1":0,"2":0,"3":0,"4":3,"5":6,"6":6,"7":0,"8":1},"f":{"0":3,"1":0,"2":0,"3":3,"4":6,"5":6,"6":0},"b":{"0":[0,0]}}
,"/Users/andreamatodeoliveira/Desktop/carental/packages/backend/src/car-service/infrastructure/MongoCarRepository.ts": {"path":"/Users/andreamatodeoliveira/Desktop/carental/packages/backend/src/car-service/infrastructure/MongoCarRepository.ts","statementMap":{"0":{"start":{"line":1,"column":0},"end":{"line":1,"column":51}},"1":{"start":{"line":3,"column":0},"end":{"line":3,"column":36}},"2":{"start":{"line":10,"column":4},"end":{"line":10,"column":44}},"3":{"start":{"line":14,"column":20},"end":{"line":14,"column":76}},"4":{"start":{"line":16,"column":4},"end":{"line":18,"column":5}},"5":{"start":{"line":17,"column":6},"end":{"line":17,"column":18}},"6":{"start":{"line":20,"column":4},"end":{"line":20,"column":37}},"7":{"start":{"line":24,"column":21},"end":{"line":24,"column":59}},"8":{"start":{"line":26,"column":4},"end":{"line":26,"column":64}},"9":{"start":{"line":26,"column":37},"end":{"line":26,"column":62}},"10":{"start":{"line":31,"column":21},"end":{"line":33,"column":16}},"11":{"start":{"line":35,"column":4},"end":{"line":35,"column":64}},"12":{"start":{"line":35,"column":37},"end":{"line":35,"column":62}},"13":{"start":{"line":39,"column":18},"end":{"line":39,"column":29}},"14":{"start":{"line":40,"column":21},"end":{"line":40,"column":40}},"15":{"start":{"line":42,"column":4},"end":{"line":56,"column":6}},"16":{"start":{"line":60,"column":4},"end":{"line":68,"column":7}},"17":{"start":{"line":6,"column":0},"end":{"line":6,"column":13}}},"fnMap":{"0":{"name":"(anonymous_0)","decl":{"start":{"line":9,"column":2},"end":{"line":9,"column":14}},"loc":{"start":{"line":9,"column":20},"end":{"line":11,"column":3}}},"1":{"name":"(anonymous_1)","decl":{"start":{"line":13,"column":2},"end":{"line":13,"column":7}},"loc":{"start":{"line":13,"column":27},"end":{"line":21,"column":3}}},"2":{"name":"(anonymous_2)","decl":{"start":{"line":23,"column":2},"end":{"line":23,"column":7}},"loc":{"start":{"line":23,"column":15},"end":{"line":27,"column":3}}},"3":{"name":"(anonymous_3)","decl":{"start":{"line":26,"column":24},"end":{"line":26,"column":25}},"loc":{"start":{"line":26,"column":37},"end":{"line":26,"column":62}}},"4":{"name":"(anonymous_4)","decl":{"start":{"line":29,"column":2},"end":{"line":29,"column":7}},"loc":{"start":{"line":29,"column":46},"end":{"line":36,"column":3}}},"5":{"name":"(anonymous_5)","decl":{"start":{"line":35,"column":24},"end":{"line":35,"column":25}},"loc":{"start":{"line":35,"column":37},"end":{"line":35,"column":62}}},"6":{"name":"(anonymous_6)","decl":{"start":{"line":38,"column":2},"end":{"line":38,"column":7}},"loc":{"start":{"line":38,"column":21},"end":{"line":57,"column":3}}},"7":{"name":"(anonymous_7)","decl":{"start":{"line":59,"column":10},"end":{"line":59,"column":21}},"loc":{"start":{"line":59,"column":34},"end":{"line":69,"column":3}}}},"branchMap":{"0":{"loc":{"start":{"line":16,"column":4},"end":{"line":18,"column":5}},"type":"if","locations":[{"start":{"line":16,"column":4},"end":{"line":18,"column":5}}]}},"s":{"0":0,"1":0,"2":0,"3":0,"4":0,"5":0,"6":0,"7":0,"8":0,"9":0,"10":0,"11":0,"12":0,"13":0,"14":0,"15":0,"16":0,"17":0},"f":{"0":0,"1":0,"2":0,"3":0,"4":0,"5":0,"6":0,"7":0},"b":{"0":[0]}}
,"/Users/andreamatodeoliveira/Desktop/carental/packages/backend/src/shared/domain/DateRange.ts": {"path":"/Users/andreamatodeoliveira/Desktop/carental/packages/backend/src/shared/domain/DateRange.ts","statementMap":{"0":{"start":{"line":2,"column":23},"end":{"line":2,"column":38}},"1":{"start":{"line":2,"column":49},"end":{"line":2,"column":62}},"2":{"start":{"line":3,"column":4},"end":{"line":3,"column":20}},"3":{"start":{"line":7,"column":4},"end":{"line":9,"column":5}},"4":{"start":{"line":8,"column":6},"end":{"line":8,"column":61}},"5":{"start":{"line":13,"column":4},"end":{"line":13,"column":58}},"6":{"start":{"line":17,"column":4},"end":{"line":17,"column":78}},"7":{"start":{"line":21,"column":21},"end":{"line":22,"column":null}},"8":{"start":{"line":24,"column":4},"end":{"line":24,"column":59}},"9":{"start":{"line":1,"column":0},"end":{"line":1,"column":13}}},"fnMap":{"0":{"name":"(anonymous_0)","decl":{"start":{"line":2,"column":2},"end":{"line":2,"column":23}},"loc":{"start":{"line":2,"column":62},"end":{"line":4,"column":3}}},"1":{"name":"(anonymous_1)","decl":{"start":{"line":6,"column":10},"end":{"line":6,"column":18}},"loc":{"start":{"line":6,"column":18},"end":{"line":10,"column":3}}},"2":{"name":"(anonymous_2)","decl":{"start":{"line":12,"column":2},"end":{"line":12,"column":14}},"loc":{"start":{"line":12,"column":25},"end":{"line":14,"column":3}}},"3":{"name":"(anonymous_3)","decl":{"start":{"line":16,"column":2},"end":{"line":16,"column":10}},"loc":{"start":{"line":16,"column":27},"end":{"line":18,"column":3}}},"4":{"name":"(anonymous_4)","decl":{"start":{"line":20,"column":2},"end":{"line":20,"column":9}},"loc":{"start":{"line":20,"column":9},"end":{"line":25,"column":3}}}},"branchMap":{"0":{"loc":{"start":{"line":7,"column":4},"end":{"line":9,"column":5}},"type":"if","locations":[{"start":{"line":7,"column":4},"end":{"line":9,"column":5}}]},"1":{"loc":{"start":{"line":13,"column":11},"end":{"line":13,"column":57}},"type":"binary-expr","locations":[{"start":{"line":13,"column":11},"end":{"line":13,"column":33}},{"start":{"line":13,"column":37},"end":{"line":13,"column":57}}]},"2":{"loc":{"start":{"line":17,"column":11},"end":{"line":17,"column":77}},"type":"binary-expr","locations":[{"start":{"line":17,"column":11},"end":{"line":17,"column":42}},{"start":{"line":17,"column":46},"end":{"line":17,"column":77}}]}},"s":{"0":13,"1":13,"2":13,"3":13,"4":0,"5":0,"6":0,"7":0,"8":0,"9":4},"f":{"0":13,"1":13,"2":0,"3":0,"4":0},"b":{"0":[0],"1":[0,0],"2":[0,0]}}
,"/Users/andreamatodeoliveira/Desktop/carental/packages/backend/src/shared/domain/Season.ts": {"path":"/Users/andreamatodeoliveira/Desktop/carental/packages/backend/src/shared/domain/Season.ts","statementMap":{"0":{"start":{"line":1,"column":0},"end":{"line":1,"column":null}},"1":{"start":{"line":2,"column":2},"end":{"line":2,"column":null}},"2":{"start":{"line":3,"column":2},"end":{"line":3,"column":null}},"3":{"start":{"line":4,"column":2},"end":{"line":4,"column":null}},"4":{"start":{"line":9,"column":18},"end":{"line":9,"column":33}},"5":{"start":{"line":10,"column":16},"end":{"line":10,"column":30}},"6":{"start":{"line":13,"column":4},"end":{"line":21,"column":5}},"7":{"start":{"line":20,"column":6},"end":{"line":20,"column":25}},"8":{"start":{"line":24,"column":4},"end":{"line":34,"column":5}},"9":{"start":{"line":33,"column":6},"end":{"line":33,"column":24}},"10":{"start":{"line":37,"column":4},"end":{"line":37,"column":22}},"11":{"start":{"line":7,"column":0},"end":{"line":7,"column":13}}},"fnMap":{"0":{"name":"(anonymous_0)","decl":{"start":{"line":1,"column":0},"end":{"line":1,"column":12}},"loc":{"start":{"line":1,"column":18},"end":{"line":5,"column":1}}},"1":{"name":"(anonymous_1)","decl":{"start":{"line":8,"column":2},"end":{"line":8,"column":8}},"loc":{"start":{"line":8,"column":29},"end":{"line":38,"column":3}}}},"branchMap":{"0":{"loc":{"start":{"line":1,"column":12},"end":{"line":1,"column":null}},"type":"binary-expr","locations":[{"start":{"line":1,"column":12},"end":{"line":1,"column":18}},{"start":{"line":1,"column":18},"end":{"line":1,"column":null}}]},"1":{"loc":{"start":{"line":13,"column":4},"end":{"line":21,"column":5}},"type":"if","locations":[{"start":{"line":13,"column":4},"end":{"line":21,"column":5}}]},"2":{"loc":{"start":{"line":14,"column":6},"end":{"line":17,"column":32}},"type":"binary-expr","locations":[{"start":{"line":14,"column":7},"end":{"line":14,"column":18}},{"start":{"line":14,"column":22},"end":{"line":14,"column":30}},{"start":{"line":15,"column":6},"end":{"line":15,"column":17}},{"start":{"line":16,"column":6},"end":{"line":16,"column":17}},{"start":{"line":17,"column":7},"end":{"line":17,"column":18}},{"start":{"line":17,"column":22},"end":{"line":17,"column":31}}]},"3":{"loc":{"start":{"line":24,"column":4},"end":{"line":34,"column":5}},"type":"if","locations":[{"start":{"line":24,"column":4},"end":{"line":34,"column":5}}]},"4":{"loc":{"start":{"line":25,"column":6},"end":{"line":30,"column":30}},"type":"binary-expr","locations":[{"start":{"line":25,"column":7},"end":{"line":25,"column":18}},{"start":{"line":25,"column":22},"end":{"line":25,"column":30}},{"start":{"line":26,"column":6},"end":{"line":26,"column":17}},{"start":{"line":27,"column":6},"end":{"line":27,"column":17}},{"start":{"line":28,"column":6},"end":{"line":28,"column":17}},{"start":{"line":29,"column":6},"end":{"line":29,"column":17}},{"start":{"line":30,"column":7},"end":{"line":30,"column":18}},{"start":{"line":30,"column":22},"end":{"line":30,"column":29}}]}},"s":{"0":4,"1":4,"2":4,"3":4,"4":21,"5":21,"6":21,"7":15,"8":6,"9":3,"10":3,"11":4},"f":{"0":4,"1":21},"b":{"0":[4,4],"1":[15],"2":[21,3,18,6,6,1],"3":[3],"4":[6,1,5,3,3,3,3,0]}}
,"/Users/andreamatodeoliveira/Desktop/carental/packages/backend/src/shared/infrastructure/seedDatabase.ts": {"path":"/Users/andreamatodeoliveira/Desktop/carental/packages/backend/src/shared/infrastructure/seedDatabase.ts","statementMap":{"0":{"start":{"line":6,"column":0},"end":{"line":6,"column":7}},"1":{"start":{"line":1,"column":0},"end":{"line":1,"column":39}},"2":{"start":{"line":2,"column":0},"end":{"line":2,"column":77}},"3":{"start":{"line":3,"column":0},"end":{"line":3,"column":57}},"4":{"start":{"line":4,"column":0},"end":{"line":4,"column":51}},"5":{"start":{"line":8,"column":2},"end":{"line":15,"column":3}},"6":{"start":{"line":9,"column":4},"end":{"line":9,"column":39}},"7":{"start":{"line":10,"column":4},"end":{"line":10,"column":40}},"8":{"start":{"line":11,"column":4},"end":{"line":11,"column":43}},"9":{"start":{"line":14,"column":4},"end":{"line":14,"column":72}},"10":{"start":{"line":18,"column":18},"end":{"line":59,"column":4}},"11":{"start":{"line":62,"column":22},"end":{"line":62,"column":58}},"12":{"start":{"line":62,"column":44},"end":{"line":62,"column":57}},"13":{"start":{"line":63,"column":2},"end":{"line":73,"column":3}},"14":{"start":{"line":64,"column":4},"end":{"line":72,"column":7}},"15":{"start":{"line":76,"column":19},"end":{"line":87,"column":4}},"16":{"start":{"line":90,"column":23},"end":{"line":90,"column":61}},"17":{"start":{"line":90,"column":46},"end":{"line":90,"column":60}},"18":{"start":{"line":91,"column":2},"end":{"line":101,"column":3}},"19":{"start":{"line":92,"column":4},"end":{"line":100,"column":7}},"20":{"start":{"line":103,"column":2},"end":{"line":105,"column":4}}},"fnMap":{"0":{"name":"seedDatabase","decl":{"start":{"line":6,"column":22},"end":{"line":6,"column":34}},"loc":{"start":{"line":6,"column":41},"end":{"line":106,"column":1}}},"1":{"name":"(anonymous_1)","decl":{"start":{"line":62,"column":34},"end":{"line":62,"column":35}},"loc":{"start":{"line":62,"column":44},"end":{"line":62,"column":57}}},"2":{"name":"(anonymous_2)","decl":{"start":{"line":90,"column":36},"end":{"line":90,"column":37}},"loc":{"start":{"line":90,"column":46},"end":{"line":90,"column":60}}}},"branchMap":{},"s":{"0":0,"1":0,"2":0,"3":0,"4":0,"5":0,"6":0,"7":0,"8":0,"9":0,"10":0,"11":0,"12":0,"13":0,"14":0,"15":0,"16":0,"17":0,"18":0,"19":0,"20":0},"f":{"0":0,"1":0,"2":0},"b":{}}
}
