TN:
SF:src/api/BookingController.ts
FN:5,(anonymous_0)
FN:7,(anonymous_1)
FNF:2
FNH:2
FNDA:1,(anonymous_0)
FNDA:5,(anonymous_1)
DA:4,1
DA:5,1
DA:8,5
DA:9,5
DA:11,5
DA:12,1
DA:17,1
DA:20,4
DA:27,1
DA:32,3
DA:35,3
DA:36,3
DA:38,3
DA:42,1
DA:43,1
DA:46,2
DA:51,1
DA:52,1
DA:56,1
LF:19
LH:19
BRDA:11,0,0,1
BRDA:11,1,0,5
BRDA:11,1,1,4
BRDA:11,1,2,4
BRDA:11,1,3,4
BRDA:35,2,0,3
BRDA:38,3,0,1
BRDA:39,4,0,3
BRDA:39,4,1,2
BRDA:46,5,0,1
BRDA:47,6,0,2
BRDA:47,6,1,2
BRDA:47,6,2,2
BRDA:58,7,0,1
BRDA:58,7,1,0
BRF:15
BRH:14
end_of_record
TN:
SF:src/api/CarController.ts
FN:5,(anonymous_0)
FN:7,(anonymous_1)
FNF:2
FNH:2
FNDA:1,(anonymous_0)
FNDA:5,(anonymous_1)
DA:4,1
DA:5,1
DA:8,5
DA:9,5
DA:11,5
DA:12,2
DA:15,2
DA:18,3
DA:19,3
DA:21,3
DA:22,1
DA:25,1
DA:28,2
DA:33,1
DA:35,1
DA:36,1
LF:16
LH:16
BRDA:11,0,0,2
BRDA:11,1,0,5
BRDA:11,1,1,4
BRDA:21,2,0,1
BRDA:21,3,0,3
BRDA:21,3,1,2
BRDA:38,4,0,1
BRDA:38,4,1,0
BRF:8
BRH:7
end_of_record
TN:
SF:src/api/routes.ts
FN:5,setupRoutes
FN:33,(anonymous_1)
FN:66,(anonymous_2)
FNF:3
FNH:3
FNDA:3,setupRoutes
FNDA:1,(anonymous_1)
FNDA:1,(anonymous_2)
DA:1,1
DA:5,1
DA:9,3
DA:33,3
DA:66,3
DA:67,1
DA:70,3
LF:7
LH:7
BRF:0
BRH:0
end_of_record
TN:
SF:src/booking-service/application/CreateBookingUseCase.ts
FN:9,(anonymous_0)
FN:15,(anonymous_1)
FNF:2
FNH:2
FNDA:6,(anonymous_0)
FNDA:6,(anonymous_1)
DA:3,1
DA:4,1
DA:8,1
DA:10,6
DA:11,6
DA:12,6
DA:16,6
DA:19,6
DA:22,6
DA:23,6
DA:24,1
DA:28,5
DA:29,5
DA:30,1
DA:34,4
DA:35,1
DA:40,3
DA:41,3
DA:42,1
DA:46,2
DA:47,1
DA:53,1
DA:56,1
DA:64,1
DA:67,1
DA:68,1
DA:70,1
LF:27
LH:27
BRDA:23,0,0,1
BRDA:29,1,0,1
BRDA:34,2,0,1
BRDA:41,3,0,1
BRDA:46,4,0,1
BRF:5
BRH:5
end_of_record
TN:
SF:src/booking-service/domain/Booking.ts
FN:22,(anonymous_0)
FN:33,(anonymous_1)
FN:37,(anonymous_2)
FN:41,(anonymous_3)
FN:45,(anonymous_4)
FNF:5
FNH:5
FNDA:2,(anonymous_0)
FNDA:2,(anonymous_1)
FNDA:1,(anonymous_2)
FNDA:1,(anonymous_3)
FNDA:2,(anonymous_4)
DA:14,1
DA:23,2
DA:24,2
DA:25,2
DA:26,2
DA:27,2
DA:28,2
DA:30,2
DA:34,2
DA:38,1
DA:42,1
DA:47,2
DA:48,1
LF:13
LH:13
BRDA:23,0,0,2
BRDA:23,0,1,2
BRDA:28,1,0,2
BRDA:28,1,1,2
BRDA:47,2,0,1
BRF:5
BRH:5
end_of_record
TN:
SF:src/booking-service/domain/DrivingLicense.ts
FN:4,(anonymous_0)
FN:6,(anonymous_1)
FN:10,(anonymous_2)
FNF:3
FNH:2
FNDA:9,(anonymous_0)
FNDA:0,(anonymous_1)
FNDA:2,(anonymous_2)
DA:3,2
DA:4,9
DA:7,0
DA:12,2
LF:4
LH:3
BRDA:6,0,0,0
BRF:1
BRH:0
end_of_record
TN:
SF:src/booking-service/domain/User.ts
FN:18,(anonymous_0)
FN:25,(anonymous_1)
FN:30,(anonymous_2)
FNF:3
FNH:2
FNDA:9,(anonymous_0)
FNDA:0,(anonymous_1)
FNDA:2,(anonymous_2)
DA:1,2
DA:12,2
DA:19,9
DA:20,9
DA:21,9
DA:22,9
DA:26,0
DA:31,2
LF:8
LH:7
BRDA:19,0,0,9
BRDA:19,0,1,3
BRF:2
BRH:2
end_of_record
TN:
SF:src/booking-service/infrastructure/InMemoryBookingRepository.ts
FN:5,(anonymous_0)
FN:8,(anonymous_1)
FN:13,(anonymous_2)
FN:17,(anonymous_3)
FN:24,(anonymous_4)
FN:28,(anonymous_5)
FN:35,(anonymous_6)
FN:40,(anonymous_7)
FN:45,(anonymous_8)
FNF:9
FNH:1
FNDA:3,(anonymous_0)
FNDA:0,(anonymous_1)
FNDA:0,(anonymous_2)
FNDA:0,(anonymous_3)
FNDA:0,(anonymous_4)
FNDA:0,(anonymous_5)
FNDA:0,(anonymous_6)
FNDA:0,(anonymous_7)
FNDA:0,(anonymous_8)
DA:5,1
DA:6,3
DA:9,0
DA:10,0
DA:17,0
DA:18,0
DA:28,0
DA:29,0
DA:36,0
DA:41,0
DA:46,0
LF:11
LH:2
BRDA:10,0,0,0
BRDA:10,0,1,0
BRDA:19,1,0,0
BRDA:19,1,1,0
BRDA:30,2,0,0
BRDA:30,2,1,0
BRF:6
BRH:0
end_of_record
TN:
SF:src/booking-service/infrastructure/InMemoryUserRepository.ts
FN:4,(anonymous_0)
FN:7,(anonymous_1)
FN:12,(anonymous_2)
FN:17,(anonymous_3)
FNF:4
FNH:0
FNDA:0,(anonymous_0)
FNDA:0,(anonymous_1)
FNDA:0,(anonymous_2)
FNDA:0,(anonymous_3)
DA:4,0
DA:5,0
DA:8,0
DA:9,0
DA:13,0
DA:18,0
LF:6
LH:0
BRDA:9,0,0,0
BRDA:9,0,1,0
BRF:2
BRH:0
end_of_record
TN:
SF:src/booking-service/infrastructure/MongoBookingRepository.ts
FN:12,(anonymous_0)
FN:16,(anonymous_1)
FN:35,(anonymous_2)
FN:72,(anonymous_3)
FN:82,(anonymous_4)
FN:119,(anonymous_5)
FN:129,(anonymous_6)
FN:206,(anonymous_7)
FNF:8
FNH:0
FNDA:0,(anonymous_0)
FNDA:0,(anonymous_1)
FNDA:0,(anonymous_2)
FNDA:0,(anonymous_3)
FNDA:0,(anonymous_4)
FNDA:0,(anonymous_5)
FNDA:0,(anonymous_6)
FNDA:0,(anonymous_7)
DA:1,0
DA:2,0
DA:3,0
DA:4,0
DA:6,0
DA:7,0
DA:9,0
DA:13,0
DA:17,0
DA:18,0
DA:19,0
DA:21,0
DA:22,0
DA:25,0
DA:28,0
DA:29,0
DA:31,0
DA:39,0
DA:40,0
DA:43,0
DA:72,0
DA:75,0
DA:76,0
DA:78,0
DA:86,0
DA:87,0
DA:90,0
DA:119,0
DA:122,0
DA:123,0
DA:125,0
DA:130,0
DA:131,0
DA:132,0
DA:135,0
DA:136,0
DA:138,0
DA:172,0
DA:173,0
DA:201,0
DA:207,0
DA:212,0
DA:219,0
DA:229,0
DA:234,0
LF:45
LH:0
BRDA:21,0,0,0
BRDA:28,1,0,0
BRDA:28,2,0,0
BRDA:28,2,1,0
BRDA:75,3,0,0
BRDA:75,4,0,0
BRDA:75,4,1,0
BRDA:122,5,0,0
BRDA:122,6,0,0
BRDA:122,6,1,0
BRDA:172,7,0,0
BRDA:172,7,1,0
BRDA:172,8,0,0
BRDA:172,8,1,0
BRF:14
BRH:0
end_of_record
TN:
SF:src/booking-service/infrastructure/MongoUserRepository.ts
FN:9,(anonymous_0)
FN:13,(anonymous_1)
FN:28,(anonymous_2)
FN:62,(anonymous_3)
FNF:4
FNH:0
FNDA:0,(anonymous_0)
FNDA:0,(anonymous_1)
FNDA:0,(anonymous_2)
FNDA:0,(anonymous_3)
DA:1,0
DA:2,0
DA:3,0
DA:6,0
DA:10,0
DA:14,0
DA:15,0
DA:18,0
DA:19,0
DA:21,0
DA:22,0
DA:25,0
DA:29,0
DA:31,0
DA:32,0
DA:34,0
DA:50,0
DA:63,0
DA:68,0
LF:19
LH:0
BRDA:14,0,0,0
BRDA:21,1,0,0
BRDA:31,2,0,0
BRDA:31,2,1,0
BRF:4
BRH:0
end_of_record
TN:
SF:src/car-service/application/GetAvailableCarsUseCase.ts
FN:8,(anonymous_0)
FN:13,(anonymous_1)
FN:20,(anonymous_2)
FNF:3
FNH:3
FNDA:3,(anonymous_0)
FNDA:3,(anonymous_1)
FNDA:3,(anonymous_2)
DA:3,1
DA:7,1
DA:9,3
DA:10,3
DA:14,3
DA:17,3
DA:20,3
DA:22,3
DA:24,3
LF:9
LH:9
BRF:0
BRH:0
end_of_record
TN:
SF:src/car-service/domain/Car.ts
FN:24,(anonymous_0)
FN:34,(anonymous_1)
FN:38,(anonymous_2)
FN:42,(anonymous_3)
FN:49,(anonymous_4)
FN:53,(anonymous_5)
FN:82,(anonymous_6)
FN:95,(anonymous_7)
FNF:8
FNH:8
FNDA:22,(anonymous_0)
FNDA:10,(anonymous_1)
FNDA:3,(anonymous_2)
FNDA:2,(anonymous_3)
FNDA:1,(anonymous_4)
FNDA:5,(anonymous_5)
FNDA:21,(anonymous_6)
FNDA:8,(anonymous_7)
DA:2,4
DA:3,4
DA:15,4
DA:25,22
DA:26,22
DA:27,22
DA:28,22
DA:29,22
DA:30,22
DA:31,22
DA:35,10
DA:39,3
DA:43,2
DA:44,1
DA:46,1
DA:50,1
DA:57,5
DA:58,5
DA:59,5
DA:60,5
DA:62,5
DA:63,21
DA:64,21
DA:65,21
DA:66,21
DA:69,21
DA:70,21
DA:71,21
DA:74,5
DA:76,5
DA:83,21
DA:85,15
DA:87,3
DA:89,3
DA:91,0
DA:96,8
LF:36
LH:35
BRDA:25,0,0,22
BRDA:25,0,1,16
BRDA:43,1,0,1
BRDA:83,2,0,15
BRDA:83,2,1,3
BRDA:83,2,2,3
BRDA:83,2,3,0
BRF:7
BRH:6
end_of_record
TN:
SF:src/car-service/infrastructure/InMemoryCarRepository.ts
FN:5,(anonymous_0)
FN:8,(anonymous_1)
FN:13,(anonymous_2)
FN:17,(anonymous_3)
FN:18,(anonymous_4)
FN:21,(anonymous_5)
FN:26,(anonymous_6)
FNF:7
FNH:4
FNDA:3,(anonymous_0)
FNDA:0,(anonymous_1)
FNDA:0,(anonymous_2)
FNDA:3,(anonymous_3)
FNDA:6,(anonymous_4)
FNDA:6,(anonymous_5)
FNDA:0,(anonymous_6)
DA:5,1
DA:6,3
DA:9,0
DA:10,0
DA:14,0
DA:18,6
DA:22,6
DA:27,0
LF:8
LH:4
BRDA:10,0,0,0
BRDA:10,0,1,0
BRF:2
BRH:0
end_of_record
TN:
SF:src/car-service/infrastructure/MongoCarRepository.ts
FN:9,(anonymous_0)
FN:13,(anonymous_1)
FN:23,(anonymous_2)
FN:26,(anonymous_3)
FN:29,(anonymous_4)
FN:35,(anonymous_5)
FN:38,(anonymous_6)
FN:59,(anonymous_7)
FNF:8
FNH:0
FNDA:0,(anonymous_0)
FNDA:0,(anonymous_1)
FNDA:0,(anonymous_2)
FNDA:0,(anonymous_3)
FNDA:0,(anonymous_4)
FNDA:0,(anonymous_5)
FNDA:0,(anonymous_6)
FNDA:0,(anonymous_7)
DA:1,0
DA:3,0
DA:6,0
DA:10,0
DA:14,0
DA:16,0
DA:17,0
DA:20,0
DA:24,0
DA:26,0
DA:31,0
DA:35,0
DA:39,0
DA:40,0
DA:42,0
DA:60,0
LF:16
LH:0
BRDA:16,0,0,0
BRF:1
BRH:0
end_of_record
TN:
SF:src/shared/domain/DateRange.ts
FN:2,(anonymous_0)
FN:6,(anonymous_1)
FN:12,(anonymous_2)
FN:16,(anonymous_3)
FN:20,(anonymous_4)
FNF:5
FNH:2
FNDA:13,(anonymous_0)
FNDA:13,(anonymous_1)
FNDA:0,(anonymous_2)
FNDA:0,(anonymous_3)
FNDA:0,(anonymous_4)
DA:1,4
DA:2,13
DA:3,13
DA:7,13
DA:8,0
DA:13,0
DA:17,0
DA:21,0
DA:24,0
LF:9
LH:4
BRDA:7,0,0,0
BRDA:13,1,0,0
BRDA:13,1,1,0
BRDA:17,2,0,0
BRDA:17,2,1,0
BRF:5
BRH:0
end_of_record
TN:
SF:src/shared/domain/Season.ts
FN:1,(anonymous_0)
FN:8,(anonymous_1)
FNF:2
FNH:2
FNDA:4,(anonymous_0)
FNDA:21,(anonymous_1)
DA:1,4
DA:2,4
DA:3,4
DA:4,4
DA:7,4
DA:9,21
DA:10,21
DA:13,21
DA:20,15
DA:24,6
DA:33,3
DA:37,3
LF:12
LH:12
BRDA:1,0,0,4
BRDA:1,0,1,4
BRDA:13,1,0,15
BRDA:14,2,0,21
BRDA:14,2,1,3
BRDA:14,2,2,18
BRDA:14,2,3,6
BRDA:14,2,4,6
BRDA:14,2,5,1
BRDA:24,3,0,3
BRDA:25,4,0,6
BRDA:25,4,1,1
BRDA:25,4,2,5
BRDA:25,4,3,3
BRDA:25,4,4,3
BRDA:25,4,5,3
BRDA:25,4,6,3
BRDA:25,4,7,0
BRF:18
BRH:17
end_of_record
TN:
SF:src/shared/infrastructure/seedDatabase.ts
FN:6,seedDatabase
FN:62,(anonymous_1)
FN:90,(anonymous_2)
FNF:3
FNH:0
FNDA:0,seedDatabase
FNDA:0,(anonymous_1)
FNDA:0,(anonymous_2)
DA:1,0
DA:2,0
DA:3,0
DA:4,0
DA:6,0
DA:8,0
DA:9,0
DA:10,0
DA:11,0
DA:14,0
DA:18,0
DA:62,0
DA:63,0
DA:64,0
DA:76,0
DA:90,0
DA:91,0
DA:92,0
DA:103,0
LF:19
LH:0
BRF:0
BRH:0
end_of_record
